     0.0000E+00     0.9789E+17     0.3000E+03     0.3000E+01    -0.8630E+03     0.1134E-02     0.3806E+20     0.4007E+21     0.9090E+02     0.9523E+07     0.1125E+08     0.0000E+00     0.2077E+08
     0.3125E-03     0.1047E+18     0.3003E+03     0.3860E+01    -0.8044E+03     0.1209E-02     0.3828E+20     0.2104E+22     0.8070E+02     0.9610E+07     0.1133E+08     0.0000E+00     0.2094E+08
     0.6250E-03     0.1170E+18     0.3005E+03     0.4484E+01    -0.6353E+03     0.1288E-02     0.3827E+20     0.5033E+22     0.7162E+02     0.9655E+07     0.1142E+08     0.0000E+00     0.2107E+08
     0.9375E-03     0.1309E+18     0.3007E+03     0.4974E+01    -0.6395E+03     0.1371E-02     0.3825E+20     0.8598E+22     0.6365E+02     0.9697E+07     0.1151E+08     0.0000E+00     0.2120E+08
     0.1250E-02     0.1473E+18     0.3009E+03     0.5377E+01    -0.5718E+03     0.1458E-02     0.3823E+20     0.1346E+23     0.5668E+02     0.9743E+07     0.1160E+08     0.0000E+00     0.2135E+08
     0.1563E-02     0.1654E+18     0.3011E+03     0.5720E+01    -0.6938E+03     0.1550E-02     0.3820E+20     0.1914E+23     0.5054E+02     0.9782E+07     0.1170E+08     0.0000E+00     0.2149E+08
     0.1875E-02     0.1873E+18     0.3013E+03     0.6020E+01    -0.6409E+03     0.1646E-02     0.3815E+20     0.2604E+23     0.4514E+02     0.9817E+07     0.1181E+08     0.0000E+00     0.2163E+08
     0.2188E-02     0.2110E+18     0.3015E+03     0.6287E+01    -0.6037E+03     0.1746E-02     0.3809E+20     0.3430E+23     0.4037E+02     0.9849E+07     0.1192E+08     0.0000E+00     0.2177E+08
     0.2500E-02     0.2366E+18     0.3017E+03     0.6530E+01    -0.4244E+03     0.1852E-02     0.3801E+20     0.4382E+23     0.3617E+02     0.9874E+07     0.1204E+08     0.0000E+00     0.2191E+08
     0.2813E-02     0.2619E+18     0.3018E+03     0.6755E+01    -0.3092E+03     0.1962E-02     0.3791E+20     0.5406E+23     0.3244E+02     0.9891E+07     0.1216E+08     0.0000E+00     0.2205E+08
     0.3125E-02     0.2875E+18     0.3019E+03     0.6964E+01    -0.1922E+03     0.2077E-02     0.3778E+20     0.6526E+23     0.2914E+02     0.9900E+07     0.1228E+08     0.0000E+00     0.2218E+08
     0.3437E-02     0.3135E+18     0.3020E+03     0.7161E+01    -0.1024E+03     0.2196E-02     0.3762E+20     0.7743E+23     0.2621E+02     0.9902E+07     0.1241E+08     0.0000E+00     0.2232E+08
     0.3750E-02     0.3401E+18     0.3020E+03     0.7346E+01    -0.1857E+02     0.2321E-02     0.3744E+20     0.9066E+23     0.2362E+02     0.9896E+07     0.1255E+08     0.0000E+00     0.2245E+08
     0.4062E-02     0.3676E+18     0.3020E+03     0.7523E+01     0.8446E+02     0.2451E-02     0.3724E+20     0.1049E+24     0.2131E+02     0.9882E+07     0.1269E+08     0.0000E+00     0.2258E+08
     0.4375E-02     0.3955E+18     0.3020E+03     0.7691E+01     0.1699E+03     0.2586E-02     0.3701E+20     0.1198E+24     0.1925E+02     0.9859E+07     0.1284E+08     0.0000E+00     0.2270E+08
     0.4688E-02     0.4242E+18     0.3019E+03     0.7852E+01     0.2932E+03     0.2727E-02     0.3674E+20     0.1355E+24     0.1741E+02     0.9825E+07     0.1300E+08     0.0000E+00     0.2282E+08
     0.5000E-02     0.4528E+18     0.3019E+03     0.8008E+01     0.3974E+03     0.2872E-02     0.3643E+20     0.1518E+24     0.1577E+02     0.9781E+07     0.1316E+08     0.0000E+00     0.2294E+08
     0.5313E-02     0.4816E+18     0.3017E+03     0.8157E+01     0.5385E+03     0.3023E-02     0.3610E+20     0.1686E+24     0.1431E+02     0.9727E+07     0.1332E+08     0.0000E+00     0.2305E+08
     0.5625E-02     0.5099E+18     0.3016E+03     0.8300E+01     0.6258E+03     0.3180E-02     0.3573E+20     0.1856E+24     0.1300E+02     0.9662E+07     0.1350E+08     0.0000E+00     0.2316E+08
     0.5937E-02     0.5386E+18     0.3014E+03     0.8439E+01     0.7306E+03     0.3342E-02     0.3532E+20     0.2031E+24     0.1182E+02     0.9586E+07     0.1367E+08     0.0000E+00     0.2326E+08
     0.6250E-02     0.5679E+18     0.3011E+03     0.8573E+01     0.8414E+03     0.3509E-02     0.3488E+20     0.2208E+24     0.1077E+02     0.9499E+07     0.1386E+08     0.0000E+00     0.2336E+08
     0.6563E-02     0.5970E+18     0.3009E+03     0.8703E+01     0.9738E+03     0.3682E-02     0.3440E+20     0.2385E+24     0.9823E+01     0.9400E+07     0.1405E+08     0.0000E+00     0.2345E+08
     0.6875E-02     0.6258E+18     0.3006E+03     0.8828E+01     0.1105E+04     0.3860E-02     0.3388E+20     0.2558E+24     0.8971E+01     0.9289E+07     0.1424E+08     0.0000E+00     0.2353E+08
     0.7188E-02     0.6539E+18     0.3002E+03     0.8950E+01     0.1235E+04     0.4043E-02     0.3332E+20     0.2726E+24     0.8203E+01     0.9164E+07     0.1444E+08     0.0000E+00     0.2361E+08
     0.7500E-02     0.6821E+18     0.2998E+03     0.9068E+01     0.1368E+04     0.4231E-02     0.3273E+20     0.2889E+24     0.7512E+01     0.9031E+07     0.1465E+08     0.0000E+00     0.2368E+08
     0.7812E-02     0.7094E+18     0.2994E+03     0.9181E+01     0.1486E+04     0.4425E-02     0.3210E+20     0.3045E+24     0.6889E+01     0.8886E+07     0.1486E+08     0.0000E+00     0.2375E+08
     0.8125E-02     0.7374E+18     0.2990E+03     0.9290E+01     0.1621E+04     0.4624E-02     0.3143E+20     0.3195E+24     0.6325E+01     0.8726E+07     0.1508E+08     0.0000E+00     0.2381E+08
     0.8438E-02     0.7647E+18     0.2984E+03     0.9395E+01     0.1686E+04     0.4828E-02     0.3074E+20     0.3335E+24     0.5816E+01     0.8560E+07     0.1531E+08     0.0000E+00     0.2387E+08
     0.8750E-02     0.7946E+18     0.2979E+03     0.9497E+01     0.1834E+04     0.5037E-02     0.3004E+20     0.3479E+24     0.5357E+01     0.8387E+07     0.1554E+08     0.0000E+00     0.2392E+08
     0.9062E-02     0.8231E+18     0.2973E+03     0.9595E+01     0.1870E+04     0.5251E-02     0.2931E+20     0.3611E+24     0.4941E+01     0.8208E+07     0.1577E+08     0.0000E+00     0.2398E+08
     0.9375E-02     0.8551E+18     0.2968E+03     0.9691E+01     0.1977E+04     0.5470E-02     0.2855E+20     0.3744E+24     0.4563E+01     0.8014E+07     0.1601E+08     0.0000E+00     0.2403E+08
     0.9688E-02     0.8874E+18     0.2961E+03     0.9787E+01     0.2006E+04     0.5693E-02     0.2774E+20     0.3867E+24     0.4220E+01     0.7809E+07     0.1626E+08     0.0000E+00     0.2407E+08
     0.1000E-01     0.9229E+18     0.2955E+03     0.9884E+01     0.2064E+04     0.5920E-02     0.2692E+20     0.3998E+24     0.3909E+01     0.7598E+07     0.1651E+08     0.0000E+00     0.2411E+08
     0.1031E-01     0.9602E+18     0.2949E+03     0.9983E+01     0.2063E+04     0.6151E-02     0.2608E+20     0.4129E+24     0.3626E+01     0.7381E+07     0.1676E+08     0.0000E+00     0.2414E+08
     0.1063E-01     0.1001E+19     0.2942E+03     0.1009E+02     0.2103E+04     0.6386E-02     0.2520E+20     0.4265E+24     0.3368E+01     0.7154E+07     0.1702E+08     0.0000E+00     0.2417E+08
     0.1094E-01     0.1044E+19     0.2936E+03     0.1020E+02     0.2096E+04     0.6625E-02     0.2429E+20     0.4404E+24     0.3133E+01     0.6919E+07     0.1728E+08     0.0000E+00     0.2420E+08
     0.1125E-01     0.1089E+19     0.2929E+03     0.1033E+02     0.2127E+04     0.6868E-02     0.2337E+20     0.4553E+24     0.2920E+01     0.6680E+07     0.1755E+08     0.0000E+00     0.2423E+08
     0.1156E-01     0.1134E+19     0.2922E+03     0.1048E+02     0.2140E+04     0.7113E-02     0.2240E+20     0.4696E+24     0.2724E+01     0.6430E+07     0.1782E+08     0.0000E+00     0.2425E+08
     0.1187E-01     0.1181E+19     0.2916E+03     0.1064E+02     0.2176E+04     0.7361E-02     0.2141E+20     0.4842E+24     0.2545E+01     0.6174E+07     0.1809E+08     0.0000E+00     0.2427E+08
     0.1219E-01     0.1226E+19     0.2909E+03     0.1083E+02     0.2210E+04     0.7612E-02     0.2038E+20     0.4984E+24     0.2382E+01     0.5910E+07     0.1837E+08     0.0000E+00     0.2428E+08
     0.1250E-01     0.1270E+19     0.2902E+03     0.1104E+02     0.2268E+04     0.7865E-02     0.1932E+20     0.5117E+24     0.2231E+01     0.5638E+07     0.1865E+08     0.0000E+00     0.2428E+08
     0.1281E-01     0.1311E+19     0.2895E+03     0.1129E+02     0.2338E+04     0.8119E-02     0.1825E+20     0.5234E+24     0.2094E+01     0.5362E+07     0.1893E+08     0.0000E+00     0.2429E+08
     0.1313E-01     0.1347E+19     0.2888E+03     0.1157E+02     0.2421E+04     0.8376E-02     0.1714E+20     0.5329E+24     0.1968E+01     0.5078E+07     0.1921E+08     0.0000E+00     0.2429E+08
     0.1344E-01     0.1378E+19     0.2880E+03     0.1188E+02     0.2540E+04     0.8633E-02     0.1602E+20     0.5400E+24     0.1852E+01     0.4790E+07     0.1949E+08     0.0000E+00     0.2428E+08
     0.1375E-01     0.1402E+19     0.2872E+03     0.1224E+02     0.2663E+04     0.8891E-02     0.1488E+20     0.5432E+24     0.1745E+01     0.4496E+07     0.1977E+08     0.0000E+00     0.2427E+08
     0.1406E-01     0.1419E+19     0.2864E+03     0.1265E+02     0.2826E+04     0.9150E-02     0.1373E+20     0.5420E+24     0.1647E+01     0.4197E+07     0.2006E+08     0.0000E+00     0.2425E+08
     0.1438E-01     0.1427E+19     0.2855E+03     0.1311E+02     0.2997E+04     0.9408E-02     0.1258E+20     0.5364E+24     0.1557E+01     0.3899E+07     0.2034E+08     0.0000E+00     0.2424E+08
     0.1469E-01     0.1428E+19     0.2846E+03     0.1362E+02     0.3214E+04     0.9666E-02     0.1147E+20     0.5265E+24     0.1474E+01     0.3605E+07     0.2063E+08     0.0000E+00     0.2423E+08
     0.1500E-01     0.1419E+19     0.2836E+03     0.1419E+02     0.3467E+04     0.9923E-02     0.1038E+20     0.5115E+24     0.1398E+01     0.3316E+07     0.2091E+08     0.0000E+00     0.2422E+08
     0.1531E-01     0.1402E+19     0.2825E+03     0.1482E+02     0.3732E+04     0.1018E-01     0.9320E+19     0.4913E+24     0.1329E+01     0.3031E+07     0.2119E+08     0.0000E+00     0.2422E+08
     0.1562E-01     0.1378E+19     0.2813E+03     0.1551E+02     0.4042E+04     0.1043E-01     0.8310E+19     0.4666E+24     0.1265E+01     0.2755E+07     0.2147E+08     0.0000E+00     0.2422E+08
     0.1594E-01     0.1347E+19     0.2800E+03     0.1628E+02     0.4397E+04     0.1068E-01     0.7354E+19     0.4378E+24     0.1207E+01     0.2489E+07     0.2174E+08     0.0000E+00     0.2423E+08
     0.1625E-01     0.1309E+19     0.2787E+03     0.1711E+02     0.4767E+04     0.1093E-01     0.6472E+19     0.4067E+24     0.1154E+01     0.2240E+07     0.2202E+08     0.0000E+00     0.2426E+08
     0.1656E-01     0.1267E+19     0.2772E+03     0.1802E+02     0.5199E+04     0.1118E-01     0.5656E+19     0.3732E+24     0.1105E+01     0.2003E+07     0.2229E+08     0.0000E+00     0.2429E+08
     0.1688E-01     0.1221E+19     0.2756E+03     0.1900E+02     0.5648E+04     0.1142E-01     0.4915E+19     0.3388E+24     0.1061E+01     0.1784E+07     0.2255E+08     0.0000E+00     0.2434E+08
     0.1719E-01     0.1173E+19     0.2738E+03     0.2006E+02     0.6142E+04     0.1166E-01     0.4245E+19     0.3043E+24     0.1021E+01     0.1580E+07     0.2281E+08     0.0000E+00     0.2439E+08
     0.1750E-01     0.1123E+19     0.2719E+03     0.2119E+02     0.6685E+04     0.1189E-01     0.3653E+19     0.2712E+24     0.9840E+00     0.1396E+07     0.2307E+08     0.0000E+00     0.2447E+08
     0.1781E-01     0.1073E+19     0.2698E+03     0.2240E+02     0.7310E+04     0.1212E-01     0.3125E+19     0.2388E+24     0.9504E+00     0.1226E+07     0.2332E+08     0.0000E+00     0.2455E+08
     0.1812E-01     0.1023E+19     0.2675E+03     0.2367E+02     0.7966E+04     0.1234E-01     0.2651E+19     0.2075E+24     0.9198E+00     0.1068E+07     0.2356E+08     0.0000E+00     0.2463E+08
     0.1844E-01     0.9731E+18     0.2650E+03     0.2500E+02     0.8659E+04     0.1255E-01     0.2243E+19     0.1791E+24     0.8919E+00     0.9288E+06     0.2380E+08     0.0000E+00     0.2473E+08
     0.1875E-01     0.9250E+18     0.2623E+03     0.2639E+02     0.9400E+04     0.1276E-01     0.1892E+19     0.1533E+24     0.8666E+00     0.8045E+06     0.2403E+08     0.0000E+00     0.2484E+08
     0.1906E-01     0.8790E+18     0.2594E+03     0.2782E+02     0.1020E+05     0.1297E-01     0.1593E+19     0.1305E+24     0.8436E+00     0.6952E+06     0.2425E+08     0.0000E+00     0.2495E+08
     0.1938E-01     0.8352E+18     0.2562E+03     0.2929E+02     0.1103E+05     0.1316E-01     0.1344E+19     0.1109E+24     0.8227E+00     0.6015E+06     0.2447E+08     0.0000E+00     0.2507E+08
     0.1969E-01     0.7938E+18     0.2527E+03     0.3078E+02     0.1196E+05     0.1335E-01     0.1131E+19     0.9370E+23     0.8037E+00     0.5188E+06     0.2467E+08     0.0000E+00     0.2519E+08
     0.2000E-01     0.7546E+18     0.2490E+03     0.3228E+02     0.1293E+05     0.1353E-01     0.9519E+18     0.7885E+23     0.7865E+00     0.4469E+06     0.2487E+08     0.0000E+00     0.2532E+08
     0.2031E-01     0.7177E+18     0.2450E+03     0.3376E+02     0.1397E+05     0.1370E-01     0.8026E+18     0.6627E+23     0.7709E+00     0.3851E+06     0.2506E+08     0.0000E+00     0.2544E+08
     0.2063E-01     0.6830E+18     0.2406E+03     0.3522E+02     0.1507E+05     0.1386E-01     0.6794E+18     0.5575E+23     0.7567E+00     0.3328E+06     0.2523E+08     0.0000E+00     0.2557E+08
     0.2094E-01     0.6505E+18     0.2359E+03     0.3662E+02     0.1625E+05     0.1401E-01     0.5737E+18     0.4659E+23     0.7439E+00     0.2864E+06     0.2540E+08     0.0000E+00     0.2569E+08
     0.2125E-01     0.6199E+18     0.2308E+03     0.3795E+02     0.1750E+05     0.1415E-01     0.4869E+18     0.3900E+23     0.7324E+00     0.2473E+06     0.2556E+08     0.0000E+00     0.2581E+08
     0.2156E-01     0.5912E+18     0.2253E+03     0.3918E+02     0.1882E+05     0.1429E-01     0.4144E+18     0.3259E+23     0.7220E+00     0.2137E+06     0.2570E+08     0.0000E+00     0.2592E+08
     0.2187E-01     0.5643E+18     0.2195E+03     0.4027E+02     0.2023E+05     0.1441E-01     0.3525E+18     0.2713E+23     0.7127E+00     0.1842E+06     0.2584E+08     0.0000E+00     0.2602E+08
     0.2219E-01     0.5391E+18     0.2131E+03     0.4120E+02     0.2173E+05     0.1452E-01     0.3012E+18     0.2260E+23     0.7045E+00     0.1591E+06     0.2596E+08     0.0000E+00     0.2612E+08
     0.2250E-01     0.5153E+18     0.2063E+03     0.4192E+02     0.2331E+05     0.1462E-01     0.2579E+18     0.1877E+23     0.6972E+00     0.1374E+06     0.2607E+08     0.0000E+00     0.2621E+08
     0.2281E-01     0.4930E+18     0.1991E+03     0.4238E+02     0.2500E+05     0.1471E-01     0.2226E+18     0.1566E+23     0.6909E+00     0.1192E+06     0.2617E+08     0.0000E+00     0.2629E+08
     0.2313E-01     0.4721E+18     0.1912E+03     0.4255E+02     0.2682E+05     0.1478E-01     0.1943E+18     0.1314E+23     0.6855E+00     0.1042E+06     0.2625E+08     0.0000E+00     0.2636E+08
     0.2344E-01     0.4523E+18     0.1829E+03     0.4235E+02     0.2878E+05     0.1485E-01     0.1714E+18     0.1107E+23     0.6810E+00     0.9175E+05     0.2632E+08     0.0000E+00     0.2642E+08
     0.2375E-01     0.4336E+18     0.1739E+03     0.4171E+02     0.3093E+05     0.1490E-01     0.1487E+18     0.9074E+22     0.6773E+00     0.7898E+05     0.2638E+08     0.0000E+00     0.2646E+08
     0.2406E-01     0.4158E+18     0.1642E+03     0.4055E+02     0.3330E+05     0.1495E-01     0.1294E+18     0.7387E+22     0.6744E+00     0.6783E+05     0.2643E+08     0.0000E+00     0.2650E+08
     0.2438E-01     0.3990E+18     0.1538E+03     0.3873E+02     0.3597E+05     0.1498E-01     0.1135E+18     0.5961E+22     0.6722E+00     0.5825E+05     0.2646E+08     0.0000E+00     0.2652E+08
     0.2469E-01     0.3829E+18     0.1426E+03     0.3611E+02     0.3851E+05     0.1499E-01     0.1015E+18     0.4780E+22     0.6709E+00     0.5034E+05     0.2648E+08     0.0000E+00     0.2653E+08
     0.2500E-01     0.3695E+18     0.1305E+03     0.3248E+02     0.1151E+05     0.1500E-01     0.9072E+17     0.3709E+22     0.6704E+00     0.4273E+05     0.2649E+08     0.0000E+00     0.2653E+08
     0.2531E-01     0.3644E+18     0.1269E+03     0.3129E+02     0.6509E+04     0.1500E-01     0.8295E+17     0.3216E+22     0.4152E+01     0.3836E+05     0.1649E+09     0.0000E+00     0.1649E+09
     0.2562E-01     0.3623E+18     0.1249E+03     0.3063E+02     0.6383E+04     0.1499E-01     0.7654E+17     0.2883E+22     0.4154E+01     0.3502E+05     0.1648E+09     0.0000E+00     0.1648E+09
     0.2594E-01     0.3603E+18     0.1229E+03     0.3003E+02     0.6310E+04     0.1498E-01     0.7029E+17     0.2576E+22     0.4157E+01     0.3185E+05     0.1647E+09     0.0000E+00     0.1647E+09
     0.2625E-01     0.3583E+18     0.1209E+03     0.2947E+02     0.6226E+04     0.1496E-01     0.6523E+17     0.2327E+22     0.4161E+01     0.2929E+05     0.1645E+09     0.0000E+00     0.1645E+09
     0.2656E-01     0.3563E+18     0.1190E+03     0.2896E+02     0.6142E+04     0.1494E-01     0.6102E+17     0.2124E+22     0.4167E+01     0.2717E+05     0.1643E+09     0.0000E+00     0.1643E+09
     0.2688E-01     0.3543E+18     0.1171E+03     0.2849E+02     0.6066E+04     0.1492E-01     0.5761E+17     0.1957E+22     0.4174E+01     0.2544E+05     0.1640E+09     0.0000E+00     0.1640E+09
     0.2719E-01     0.3524E+18     0.1152E+03     0.2807E+02     0.5991E+04     0.1489E-01     0.5411E+17     0.1797E+22     0.4182E+01     0.2371E+05     0.1637E+09     0.0000E+00     0.1637E+09
     0.2750E-01     0.3505E+18     0.1133E+03     0.2768E+02     0.5925E+04     0.1486E-01     0.5123E+17     0.1661E+22     0.4191E+01     0.2230E+05     0.1633E+09     0.0000E+00     0.1633E+09
     0.2781E-01     0.3487E+18     0.1114E+03     0.2732E+02     0.5865E+04     0.1482E-01     0.4841E+17     0.1538E+22     0.4202E+01     0.2095E+05     0.1629E+09     0.0000E+00     0.1629E+09
     0.2813E-01     0.3469E+18     0.1096E+03     0.2700E+02     0.5809E+04     0.1478E-01     0.4566E+17     0.1426E+22     0.4214E+01     0.1964E+05     0.1624E+09     0.0000E+00     0.1624E+09
     0.2844E-01     0.3451E+18     0.1078E+03     0.2670E+02     0.5755E+04     0.1473E-01     0.4253E+17     0.1302E+22     0.4227E+01     0.1818E+05     0.1619E+09     0.0000E+00     0.1619E+09
     0.2875E-01     0.3434E+18     0.1060E+03     0.2643E+02     0.5712E+04     0.1468E-01     0.3966E+17     0.1190E+22     0.4242E+01     0.1688E+05     0.1613E+09     0.0000E+00     0.1614E+09
     0.2906E-01     0.3417E+18     0.1042E+03     0.2619E+02     0.5665E+04     0.1462E-01     0.3746E+17     0.1107E+22     0.4258E+01     0.1588E+05     0.1607E+09     0.0000E+00     0.1608E+09
     0.2937E-01     0.3400E+18     0.1024E+03     0.2596E+02     0.5624E+04     0.1456E-01     0.3560E+17     0.1037E+22     0.4275E+01     0.1502E+05     0.1601E+09     0.0000E+00     0.1601E+09
     0.2969E-01     0.3384E+18     0.1007E+03     0.2575E+02     0.5589E+04     0.1450E-01     0.3367E+17     0.9672E+21     0.4294E+01     0.1415E+05     0.1594E+09     0.0000E+00     0.1594E+09
     0.3000E-01     0.3368E+18     0.9893E+02     0.2556E+02     0.5558E+04     0.1443E-01     0.3111E+17     0.8796E+21     0.4314E+01     0.1302E+05     0.1586E+09     0.0000E+00     0.1587E+09
     0.3031E-01     0.3352E+18     0.9720E+02     0.2538E+02     0.5527E+04     0.1436E-01     0.2865E+17     0.8018E+21     0.4335E+01     0.1196E+05     0.1579E+09     0.0000E+00     0.1579E+09
     0.3063E-01     0.3337E+18     0.9547E+02     0.2522E+02     0.5497E+04     0.1429E-01     0.2703E+17     0.7475E+21     0.4358E+01     0.1124E+05     0.1570E+09     0.0000E+00     0.1570E+09
     0.3094E-01     0.3322E+18     0.9375E+02     0.2506E+02     0.5471E+04     0.1421E-01     0.2536E+17     0.6909E+21     0.4383E+01     0.1051E+05     0.1562E+09     0.0000E+00     0.1562E+09
     0.3125E-01     0.3307E+18     0.9204E+02     0.2491E+02     0.5445E+04     0.1412E-01     0.2377E+17     0.6413E+21     0.4409E+01     0.9839E+04     0.1552E+09     0.0000E+00     0.1553E+09
     0.3156E-01     0.3293E+18     0.9034E+02     0.2477E+02     0.5421E+04     0.1404E-01     0.2231E+17     0.5985E+21     0.4436E+01     0.9213E+04     0.1543E+09     0.0000E+00     0.1543E+09
     0.3187E-01     0.3279E+18     0.8865E+02     0.2464E+02     0.5400E+04     0.1394E-01     0.2068E+17     0.5467E+21     0.4465E+01     0.8493E+04     0.1533E+09     0.0000E+00     0.1533E+09
     0.3219E-01     0.3264E+18     0.8696E+02     0.2451E+02     0.5380E+04     0.1385E-01     0.1990E+17     0.5175E+21     0.4495E+01     0.8154E+04     0.1523E+09     0.0000E+00     0.1523E+09
     0.3250E-01     0.3251E+18     0.8528E+02     0.2438E+02     0.5358E+04     0.1375E-01     0.1871E+17     0.4841E+21     0.4527E+01     0.7672E+04     0.1512E+09     0.0000E+00     0.1512E+09
     0.3281E-01     0.3237E+18     0.8360E+02     0.2425E+02     0.5338E+04     0.1365E-01     0.1749E+17     0.4500E+21     0.4561E+01     0.7137E+04     0.1501E+09     0.0000E+00     0.1501E+09
     0.3313E-01     0.3224E+18     0.8193E+02     0.2413E+02     0.5317E+04     0.1355E-01     0.1619E+17     0.4086E+21     0.4596E+01     0.6571E+04     0.1489E+09     0.0000E+00     0.1489E+09
     0.3344E-01     0.3210E+18     0.8027E+02     0.2401E+02     0.5298E+04     0.1344E-01     0.1515E+17     0.3781E+21     0.4633E+01     0.6158E+04     0.1477E+09     0.0000E+00     0.1477E+09
     0.3375E-01     0.3198E+18     0.7862E+02     0.2388E+02     0.5280E+04     0.1333E-01     0.1437E+17     0.3595E+21     0.4671E+01     0.5843E+04     0.1465E+09     0.0000E+00     0.1465E+09
     0.3406E-01     0.3185E+18     0.7697E+02     0.2376E+02     0.5258E+04     0.1321E-01     0.1371E+17     0.3363E+21     0.4711E+01     0.5521E+04     0.1453E+09     0.0000E+00     0.1453E+09
     0.3438E-01     0.3172E+18     0.7532E+02     0.2363E+02     0.5237E+04     0.1310E-01     0.1299E+17     0.3122E+21     0.4753E+01     0.5225E+04     0.1440E+09     0.0000E+00     0.1440E+09
     0.3469E-01     0.3160E+18     0.7369E+02     0.2350E+02     0.5220E+04     0.1298E-01     0.1248E+17     0.2995E+21     0.4797E+01     0.5028E+04     0.1427E+09     0.0000E+00     0.1427E+09
     0.3500E-01     0.3148E+18     0.7206E+02     0.2337E+02     0.5201E+04     0.1285E-01     0.1203E+17     0.2883E+21     0.4843E+01     0.4833E+04     0.1413E+09     0.0000E+00     0.1413E+09
     0.3531E-01     0.3136E+18     0.7043E+02     0.2323E+02     0.5181E+04     0.1273E-01     0.1172E+17     0.2743E+21     0.4891E+01     0.4670E+04     0.1399E+09     0.0000E+00     0.1399E+09
     0.3562E-01     0.3125E+18     0.6881E+02     0.2309E+02     0.5160E+04     0.1260E-01     0.1161E+17     0.2667E+21     0.4940E+01     0.4615E+04     0.1385E+09     0.0000E+00     0.1385E+09
     0.3594E-01     0.3113E+18     0.6720E+02     0.2295E+02     0.5137E+04     0.1247E-01     0.1122E+17     0.2566E+21     0.4992E+01     0.4468E+04     0.1371E+09     0.0000E+00     0.1371E+09
     0.3625E-01     0.3102E+18     0.6559E+02     0.2280E+02     0.5118E+04     0.1234E-01     0.1057E+17     0.2406E+21     0.5046E+01     0.4197E+04     0.1356E+09     0.0000E+00     0.1356E+09
     0.3656E-01     0.3091E+18     0.6399E+02     0.2264E+02     0.5098E+04     0.1220E-01     0.1019E+17     0.2262E+21     0.5102E+01     0.4010E+04     0.1342E+09     0.0000E+00     0.1342E+09
     0.3688E-01     0.3080E+18     0.6240E+02     0.2248E+02     0.5074E+04     0.1207E-01     0.9608E+16     0.2108E+21     0.5160E+01     0.3782E+04     0.1326E+09     0.0000E+00     0.1326E+09
     0.3719E-01     0.3069E+18     0.6081E+02     0.2232E+02     0.5050E+04     0.1193E-01     0.8701E+16     0.1899E+21     0.5220E+01     0.3420E+04     0.1311E+09     0.0000E+00     0.1311E+09
     0.3750E-01     0.3058E+18     0.5924E+02     0.2214E+02     0.5029E+04     0.1179E-01     0.8076E+16     0.1741E+21     0.5282E+01     0.3155E+04     0.1296E+09     0.0000E+00     0.1296E+09
     0.3781E-01     0.3048E+18     0.5767E+02     0.2196E+02     0.5004E+04     0.1164E-01     0.7663E+16     0.1612E+21     0.5347E+01     0.2972E+04     0.1280E+09     0.0000E+00     0.1280E+09
     0.3813E-01     0.3037E+18     0.5610E+02     0.2178E+02     0.4980E+04     0.1150E-01     0.7233E+16     0.1503E+21     0.5414E+01     0.2806E+04     0.1264E+09     0.0000E+00     0.1264E+09
     0.3844E-01     0.3027E+18     0.5454E+02     0.2158E+02     0.4955E+04     0.1135E-01     0.6972E+16     0.1427E+21     0.5484E+01     0.2688E+04     0.1248E+09     0.0000E+00     0.1248E+09
     0.3875E-01     0.3017E+18     0.5300E+02     0.2138E+02     0.4931E+04     0.1120E-01     0.6707E+16     0.1348E+21     0.5557E+01     0.2572E+04     0.1232E+09     0.0000E+00     0.1232E+09
     0.3906E-01     0.3008E+18     0.5146E+02     0.2117E+02     0.4905E+04     0.1105E-01     0.6263E+16     0.1241E+21     0.5632E+01     0.2394E+04     0.1215E+09     0.0000E+00     0.1215E+09
     0.3937E-01     0.2998E+18     0.4992E+02     0.2096E+02     0.4880E+04     0.1090E-01     0.5940E+16     0.1160E+21     0.5709E+01     0.2262E+04     0.1199E+09     0.0000E+00     0.1199E+09
     0.3969E-01     0.2989E+18     0.4840E+02     0.2073E+02     0.4854E+04     0.1075E-01     0.5690E+16     0.1080E+21     0.5790E+01     0.2145E+04     0.1182E+09     0.0000E+00     0.1182E+09
     0.4000E-01     0.2979E+18     0.4688E+02     0.2050E+02     0.4829E+04     0.1060E-01     0.5275E+16     0.9907E+20     0.5873E+01     0.1990E+04     0.1165E+09     0.0000E+00     0.1165E+09
     0.4031E-01     0.2970E+18     0.4537E+02     0.2025E+02     0.4803E+04     0.1045E-01     0.5029E+16     0.9274E+20     0.5960E+01     0.1884E+04     0.1148E+09     0.0000E+00     0.1148E+09
     0.4063E-01     0.2961E+18     0.4387E+02     0.2000E+02     0.4776E+04     0.1029E-01     0.4906E+16     0.8781E+20     0.6050E+01     0.1819E+04     0.1131E+09     0.0000E+00     0.1131E+09
     0.4094E-01     0.2952E+18     0.4238E+02     0.1974E+02     0.4752E+04     0.1014E-01     0.4905E+16     0.8571E+20     0.6142E+01     0.1811E+04     0.1114E+09     0.0000E+00     0.1114E+09
     0.4125E-01     0.2943E+18     0.4089E+02     0.1946E+02     0.4725E+04     0.9980E-02     0.4850E+16     0.8366E+20     0.6238E+01     0.1786E+04     0.1097E+09     0.0000E+00     0.1097E+09
     0.4156E-01     0.2935E+18     0.3942E+02     0.1918E+02     0.4700E+04     0.9823E-02     0.4746E+16     0.8025E+20     0.6338E+01     0.1734E+04     0.1080E+09     0.0000E+00     0.1080E+09
     0.4188E-01     0.2926E+18     0.3795E+02     0.1888E+02     0.4676E+04     0.9666E-02     0.4501E+16     0.7361E+20     0.6441E+01     0.1626E+04     0.1063E+09     0.0000E+00     0.1063E+09
     0.4219E-01     0.2918E+18     0.3649E+02     0.1858E+02     0.4652E+04     0.9508E-02     0.4245E+16     0.6734E+20     0.6548E+01     0.1523E+04     0.1045E+09     0.0000E+00     0.1045E+09
     0.4250E-01     0.2909E+18     0.3503E+02     0.1826E+02     0.4628E+04     0.9351E-02     0.4170E+16     0.6476E+20     0.6658E+01     0.1487E+04     0.1028E+09     0.0000E+00     0.1028E+09
     0.4281E-01     0.2901E+18     0.3359E+02     0.1793E+02     0.4605E+04     0.9193E-02     0.4187E+16     0.6265E+20     0.6772E+01     0.1477E+04     0.1011E+09     0.0000E+00     0.1011E+09
     0.4312E-01     0.2893E+18     0.3215E+02     0.1758E+02     0.4582E+04     0.9035E-02     0.3959E+16     0.5687E+20     0.6891E+01     0.1382E+04     0.9932E+08     0.0000E+00     0.9932E+08
     0.4344E-01     0.2885E+18     0.3072E+02     0.1722E+02     0.4561E+04     0.8877E-02     0.3813E+16     0.5302E+20     0.7013E+01     0.1324E+04     0.9758E+08     0.0000E+00     0.9758E+08
     0.4375E-01     0.2878E+18     0.2929E+02     0.1685E+02     0.4543E+04     0.8719E-02     0.3801E+16     0.5170E+20     0.7140E+01     0.1314E+04     0.9585E+08     0.0000E+00     0.9585E+08
     0.4406E-01     0.2870E+18     0.2787E+02     0.1646E+02     0.4525E+04     0.8562E-02     0.3739E+16     0.4782E+20     0.7272E+01     0.1267E+04     0.9411E+08     0.0000E+00     0.9412E+08
     0.4438E-01     0.2862E+18     0.2646E+02     0.1606E+02     0.4511E+04     0.8404E-02     0.3566E+16     0.4245E+20     0.7408E+01     0.1192E+04     0.9239E+08     0.0000E+00     0.9239E+08
     0.4469E-01     0.2855E+18     0.2505E+02     0.1564E+02     0.4498E+04     0.8247E-02     0.3542E+16     0.4131E+20     0.7549E+01     0.1183E+04     0.9066E+08     0.0000E+00     0.9066E+08
     0.4500E-01     0.2848E+18     0.2364E+02     0.1519E+02     0.4488E+04     0.8091E-02     0.3491E+16     0.3929E+20     0.7694E+01     0.1152E+04     0.8894E+08     0.0000E+00     0.8894E+08
     0.4531E-01     0.2840E+18     0.2224E+02     0.1474E+02     0.4483E+04     0.7935E-02     0.3531E+16     0.3696E+20     0.7846E+01     0.1143E+04     0.8723E+08     0.0000E+00     0.8723E+08
     0.4563E-01     0.2833E+18     0.2084E+02     0.1425E+02     0.4480E+04     0.7780E-02     0.3415E+16     0.3315E+20     0.8002E+01     0.1091E+04     0.8553E+08     0.0000E+00     0.8553E+08
     0.4594E-01     0.2826E+18     0.1944E+02     0.1375E+02     0.4482E+04     0.7626E-02     0.3318E+16     0.3099E+20     0.8164E+01     0.1053E+04     0.8383E+08     0.0000E+00     0.8383E+08
     0.4625E-01     0.2819E+18     0.1804E+02     0.1322E+02     0.4488E+04     0.7472E-02     0.3294E+16     0.2839E+20     0.8332E+01     0.1027E+04     0.8214E+08     0.0000E+00     0.8214E+08
     0.4656E-01     0.2812E+18     0.1664E+02     0.1267E+02     0.4499E+04     0.7320E-02     0.3193E+16     0.2488E+20     0.8506E+01     0.9772E+03     0.8046E+08     0.0000E+00     0.8046E+08
     0.4688E-01     0.2805E+18     0.1523E+02     0.1209E+02     0.4517E+04     0.7168E-02     0.3043E+16     0.2151E+20     0.8686E+01     0.9173E+03     0.7879E+08     0.0000E+00     0.7879E+08
     0.4719E-01     0.2798E+18     0.1382E+02     0.1147E+02     0.4540E+04     0.7017E-02     0.2882E+16     0.1826E+20     0.8872E+01     0.8539E+03     0.7714E+08     0.0000E+00     0.7714E+08
     0.4750E-01     0.2791E+18     0.1240E+02     0.1082E+02     0.4573E+04     0.6868E-02     0.2744E+16     0.1508E+20     0.9065E+01     0.7971E+03     0.7549E+08     0.0000E+00     0.7549E+08
     0.4781E-01     0.2784E+18     0.1097E+02     0.1013E+02     0.4614E+04     0.6719E-02     0.2816E+16     0.1313E+20     0.9266E+01     0.8014E+03     0.7386E+08     0.0000E+00     0.7386E+08
     0.4813E-01     0.2777E+18     0.9528E+01     0.9399E+01     0.4672E+04     0.6572E-02     0.2820E+16     0.1093E+20     0.9473E+01     0.7880E+03     0.7224E+08     0.0000E+00     0.7224E+08
     0.4844E-01     0.2770E+18     0.8068E+01     0.8609E+01     0.4748E+04     0.6426E-02     0.2820E+16     0.8680E+19     0.9688E+01     0.7718E+03     0.7064E+08     0.0000E+00     0.7064E+08
     0.4875E-01     0.2763E+18     0.6585E+01     0.7754E+01     0.4857E+04     0.6281E-02     0.2822E+16     0.6491E+19     0.9911E+01     0.7563E+03     0.6905E+08     0.0000E+00     0.6905E+08
     0.4906E-01     0.2755E+18     0.5067E+01     0.6817E+01     0.5019E+04     0.6138E-02     0.2899E+16     0.4527E+19     0.1014E+02     0.7606E+03     0.6747E+08     0.0000E+00     0.6748E+08
     0.4938E-01     0.2748E+18     0.3499E+01     0.5769E+01     0.5293E+04     0.5996E-02     0.2934E+16     0.2499E+19     0.1038E+02     0.7536E+03     0.6592E+08     0.0000E+00     0.6592E+08
     0.4969E-01     0.2740E+18     0.1844E+01     0.4551E+01     0.5902E+04     0.5856E-02     0.2766E+16     0.8893E+18     0.1063E+02     0.6986E+03     0.6438E+08     0.0000E+00     0.6438E+08
     0.5000E-01     0.2735E+18     0.0000E+00     0.3000E+01     0.0000E+00     0.5718E-02     0.2698E+16     0.7719E+17     0.1089E+02     0.6750E+03     0.6285E+08     0.0000E+00     0.6285E+08
